#
# There is insufficient memory for the Java Runtime Environment to continue.
# Native memory allocation (malloc) failed to allocate 32744 bytes for ChunkPool::allocate
# Possible reasons:
#   The system is out of physical RAM or swap space
#   In 32 bit mode, the process size limit was hit
# Possible solutions:
#   Reduce memory load on the system
#   Increase physical memory or swap space
#   Check if swap backing store is full
#   Use 64 bit Java on a 64 bit OS
#   Decrease Java heap size (-Xmx/-Xms)
#   Decrease number of Java threads
#   Decrease Java thread stack sizes (-Xss)
#   Set larger code cache with -XX:ReservedCodeCacheSize=
# This output file may be truncated or incomplete.
#
#  Out of Memory Error (allocation.cpp:273), pid=28764, tid=0x0000000000002998
#
# JRE version: Java(TM) SE Runtime Environment (8.0_121-b13) (build 1.8.0_121-b13)
# Java VM: Java HotSpot(TM) 64-Bit Server VM (25.121-b13 mixed mode windows-amd64 compressed oops)
# Failed to write core dump. Minidumps are not enabled by default on client versions of Windows
#

---------------  T H R E A D  ---------------

Current thread (0x000000001949a000):  JavaThread "C2 CompilerThread1" daemon [_thread_in_native, id=10648, stack(0x0000000019b90000,0x0000000019c90000)]

Stack: [0x0000000019b90000,0x0000000019c90000]
[error occurred during error reporting (printing stack bounds), id 0xc0000005]

Native frames: (J=compiled Java code, j=interpreted, Vv=VM code, C=native code)


Current CompileTask:
C2: 752119 8853       4       sun.reflect.annotation.AnnotationParser::parseMemberValue (162 bytes)


---------------  P R O C E S S  ---------------

Java Threads: ( => current thread )
  0x000000001c906000 JavaThread "http-nio-8443-Acceptor-0" daemon [_thread_in_native, id=15700, stack(0x000000002d670000,0x000000002d770000)]
  0x000000001c90b000 JavaThread "http-nio-8443-ClientPoller-1" daemon [_thread_in_native, id=23460, stack(0x000000002d570000,0x000000002d670000)]
  0x000000001c90a800 JavaThread "http-nio-8443-ClientPoller-0" daemon [_thread_in_native, id=5320, stack(0x000000002d470000,0x000000002d570000)]
  0x000000001c906800 JavaThread "http-nio-8090-Acceptor-0" daemon [_thread_in_native, id=23256, stack(0x000000002d370000,0x000000002d470000)]
  0x000000001f740800 JavaThread "http-nio-8090-ClientPoller-1" daemon [_thread_in_native, id=31552, stack(0x000000002d270000,0x000000002d370000)]
  0x000000001f73f000 JavaThread "http-nio-8090-ClientPoller-0" daemon [_thread_in_native, id=16076, stack(0x000000002d170000,0x000000002d270000)]
  0x000000001f73f800 JavaThread "Abandoned connection cleanup thread" daemon [_thread_blocked, id=17344, stack(0x000000002d070000,0x000000002d170000)]
  0x000000001f73e000 JavaThread "localhost-startStop-1" daemon [_thread_blocked, id=17368, stack(0x000000002ce70000,0x000000002cf70000)]
  0x000000001f73a800 JavaThread "Tomcat-startStop-1" daemon [_thread_blocked, id=22896, stack(0x000000002cd70000,0x000000002ce70000)]
  0x000000001f73d800 JavaThread "NioBlockingSelector.BlockPoller-16" daemon [_thread_in_native, id=20040, stack(0x000000002cc70000,0x000000002cd70000)]
  0x000000001f73c800 JavaThread "NioBlockingSelector.BlockPoller-15" daemon [_thread_in_native, id=4552, stack(0x000000002cb70000,0x000000002cc70000)]
  0x000000001c90f800 JavaThread "Abandoned connection cleanup thread" daemon [_thread_blocked, id=22496, stack(0x000000002c470000,0x000000002c570000)]
  0x000000001f73c000 JavaThread "Abandoned connection cleanup thread" daemon [_thread_blocked, id=30396, stack(0x000000002b670000,0x000000002b770000)]
  0x000000001f739800 JavaThread "Abandoned connection cleanup thread" daemon [_thread_blocked, id=17372, stack(0x000000002b070000,0x000000002b170000)]
  0x000000001c909800 JavaThread "Abandoned connection cleanup thread" daemon [_thread_blocked, id=15088, stack(0x0000000029a70000,0x0000000029b70000)]
  0x000000001c90e000 JavaThread "Abandoned connection cleanup thread" daemon [_thread_blocked, id=18320, stack(0x0000000029570000,0x0000000029670000)]
  0x000000001c910800 JavaThread "Abandoned connection cleanup thread" daemon [_thread_blocked, id=18008, stack(0x00000000268d0000,0x00000000269d0000)]
  0x000000001c905000 JavaThread "C3P0PooledConnectionPoolManager[identityToken->1hge1e19ppzaepbnfjb1b|599b6fe8]-HelperThread-#2" daemon [_thread_blocked, id=12332, stack(0x00000000257d0000,0x00000000258d0000)]
  0x000000001c90c000 JavaThread "C3P0PooledConnectionPoolManager[identityToken->1hge1e19ppzaepbnfjb1b|599b6fe8]-HelperThread-#1" daemon [_thread_blocked, id=32036, stack(0x00000000256d0000,0x00000000257d0000)]
  0x000000001c904800 JavaThread "C3P0PooledConnectionPoolManager[identityToken->1hge1e19ppzaepbnfjb1b|599b6fe8]-HelperThread-#0" daemon [_thread_blocked, id=27624, stack(0x00000000255d0000,0x00000000256d0000)]
  0x000000001c909000 JavaThread "C3P0PooledConnectionPoolManager[identityToken->1hge1e19ppzaepbnfjb1b|599b6fe8]-AdminTaskTimer" daemon [_thread_blocked, id=29488, stack(0x00000000254d0000,0x00000000255d0000)]
  0x000000001f73b000 JavaThread "Abandoned connection cleanup thread" daemon [_thread_blocked, id=7376, stack(0x00000000240d0000,0x00000000241d0000)]
  0x000000001a23f000 JavaThread "SeedGenerator Thread" daemon [_thread_blocked, id=22808, stack(0x000000001dfb0000,0x000000001e0b0000)]
  0x0000000019513800 JavaThread "Service Thread" daemon [_thread_blocked, id=1016, stack(0x0000000019d90000,0x0000000019e90000)]
  0x00000000194a0800 JavaThread "C1 CompilerThread2" daemon [_thread_blocked, id=11844, stack(0x0000000019c90000,0x0000000019d90000)]
=>0x000000001949a000 JavaThread "C2 CompilerThread1" daemon [_thread_in_native, id=10648, stack(0x0000000019b90000,0x0000000019c90000)]
  0x000000001818d000 JavaThread "C2 CompilerThread0" daemon [_thread_blocked, id=4564, stack(0x0000000019a90000,0x0000000019b90000)]
  0x000000001818b800 JavaThread "Attach Listener" daemon [_thread_blocked, id=5288, stack(0x0000000019990000,0x0000000019a90000)]
  0x0000000019498800 JavaThread "Signal Dispatcher" daemon [_thread_blocked, id=21824, stack(0x0000000019890000,0x0000000019990000)]
  0x0000000018119000 JavaThread "Finalizer" daemon [_thread_blocked, id=30528, stack(0x0000000019390000,0x0000000019490000)]
  0x0000000003604000 JavaThread "Reference Handler" daemon [_thread_blocked, id=31828, stack(0x0000000019290000,0x0000000019390000)]
  0x0000000003512800 JavaThread "main" [_thread_in_native, id=29440, stack(0x0000000003320000,0x0000000003420000)]

Other Threads:
  0x00000000180f8000 VMThread [stack: 0x0000000019190000,0x0000000019290000] [id=26240]
  0x0000000019557800 WatcherThread [stack: 0x0000000019e90000,0x0000000019f90000] [id=9704]

VM state:not at safepoint (normal execution)

VM Mutex/Monitor currently owned by a thread: None

Heap:
 PSYoungGen      total 591360K, used 403024K [0x00000000d5f80000, 0x0000000100000000, 0x0000000100000000)
  eden space 502272K, 67% used [0x00000000d5f80000,0x00000000ea9712b0,0x00000000f4a00000)
  from space 89088K, 73% used [0x00000000fa900000,0x00000000fe8a30c8,0x0000000100000000)
  to   space 93184K, 0% used [0x00000000f4a00000,0x00000000f4a00000,0x00000000fa500000)
 ParOldGen       total 226304K, used 133441K [0x0000000081e00000, 0x000000008fb00000, 0x00000000d5f80000)
  object space 226304K, 58% used [0x0000000081e00000,0x000000008a050570,0x000000008fb00000)
 Metaspace       used 84068K, capacity 86144K, committed 86528K, reserved 1124352K
  class space    used 10721K, capacity 11244K, committed 11264K, reserved 1048576K

Card table byte_map: [0x00000000129d0000,0x0000000012dd0000] byte_map_base: 0x00000000125c1000

Marking Bits: (ParMarkBitMap*) 0x000000006bfdb6d0
 Begin Bits: [0x0000000013480000, 0x0000000015408000)
 End Bits:   [0x0000000015408000, 0x0000000017390000)

Polling page: 0x00000000017a0000

CodeCache: size=245760Kb used=29987Kb max_used=29987Kb free=215772Kb
 bounds [0x0000000003610000, 0x0000000005380000, 0x0000000012610000]
 total_blobs=8163 nmethods=7407 adapters=667
 compilation: enabled

Compilation events (10 events):
Event: 751.704 Thread 0x00000000194a0800 8911   !   3       com.sun.jmx.interceptor.DefaultMBeanServerInterceptor::unregisterMBean (189 bytes)
Event: 751.705 Thread 0x00000000194a0800 nmethod 8911 0x0000000005378d90 code [0x0000000005379020, 0x000000000537a1c8]
Event: 751.705 Thread 0x00000000194a0800 8912   !   3       com.sun.jmx.interceptor.DefaultMBeanServerInterceptor::exclusiveUnregisterMBean (80 bytes)
Event: 751.705 Thread 0x00000000194a0800 nmethod 8912 0x000000000537ac50 code [0x000000000537aee0, 0x000000000537c038]
Event: 751.712 Thread 0x00000000194a0800 8913       3       java.util.concurrent.locks.ReentrantLock$FairSync::tryAcquire (74 bytes)
Event: 751.713 Thread 0x00000000194a0800 nmethod 8913 0x000000000537c850 code [0x000000000537ca00, 0x000000000537d238]
Event: 751.713 Thread 0x00000000194a0800 8914       3       java.util.concurrent.ThreadPoolExecutor::runStateOf (5 bytes)
Event: 751.714 Thread 0x00000000194a0800 nmethod 8914 0x000000000537d3d0 code [0x000000000537d520, 0x000000000537d650]
Event: 751.717 Thread 0x00000000194a0800 8915   !   3       java.nio.channels.spi.AbstractSelectableChannel::isRegistered (27 bytes)
Event: 751.717 Thread 0x00000000194a0800 nmethod 8915 0x000000000537d6d0 code [0x000000000537d840, 0x000000000537db90]

GC Heap History (10 events):
Event: 573.922 GC heap before
{Heap before GC invocations=27 (full 3):
 PSYoungGen      total 390144K, used 380802K [0x00000000d5f80000, 0x00000000f6a00000, 0x0000000100000000)
  eden space 330752K, 100% used [0x00000000d5f80000,0x00000000ea280000,0x00000000ea280000)
  from space 59392K, 84% used [0x00000000ea280000,0x00000000ed360a68,0x00000000edc80000)
  to   space 64000K, 0% used [0x00000000f2b80000,0x00000000f2b80000,0x00000000f6a00000)
 ParOldGen       total 226304K, used 94897K [0x0000000081e00000, 0x000000008fb00000, 0x00000000d5f80000)
  object space 226304K, 41% used [0x0000000081e00000,0x0000000087aac5c8,0x000000008fb00000)
 Metaspace       used 60596K, capacity 61984K, committed 62336K, reserved 1103872K
  class space    used 7517K, capacity 7954K, committed 8064K, reserved 1048576K
Event: 573.963 GC heap after
Heap after GC invocations=27 (full 3):
 PSYoungGen      total 465408K, used 54539K [0x00000000d5f80000, 0x00000000f7b80000, 0x0000000100000000)
  eden space 401408K, 0% used [0x00000000d5f80000,0x00000000d5f80000,0x00000000ee780000)
  from space 64000K, 85% used [0x00000000f2b80000,0x00000000f60c2d00,0x00000000f6a00000)
  to   space 69632K, 0% used [0x00000000ee780000,0x00000000ee780000,0x00000000f2b80000)
 ParOldGen       total 226304K, used 109319K [0x0000000081e00000, 0x000000008fb00000, 0x00000000d5f80000)
  object space 226304K, 48% used [0x0000000081e00000,0x00000000888c1d70,0x000000008fb00000)
 Metaspace       used 60596K, capacity 61984K, committed 62336K, reserved 1103872K
  class space    used 7517K, capacity 7954K, committed 8064K, reserved 1048576K
}
Event: 719.298 GC heap before
{Heap before GC invocations=28 (full 3):
 PSYoungGen      total 465408K, used 455947K [0x00000000d5f80000, 0x00000000f7b80000, 0x0000000100000000)
  eden space 401408K, 100% used [0x00000000d5f80000,0x00000000ee780000,0x00000000ee780000)
  from space 64000K, 85% used [0x00000000f2b80000,0x00000000f60c2d00,0x00000000f6a00000)
  to   space 69632K, 0% used [0x00000000ee780000,0x00000000ee780000,0x00000000f2b80000)
 ParOldGen       total 226304K, used 109319K [0x0000000081e00000, 0x000000008fb00000, 0x00000000d5f80000)
  object space 226304K, 48% used [0x0000000081e00000,0x00000000888c1d70,0x000000008fb00000)
 Metaspace       used 67714K, capacity 69270K, committed 69632K, reserved 1110016K
  class space    used 8489K, capacity 8952K, committed 8960K, reserved 1048576K
Event: 719.343 GC heap after
Heap after GC invocations=28 (full 3):
 PSYoungGen      total 471040K, used 51754K [0x00000000d5f80000, 0x00000000fb700000, 0x0000000100000000)
  eden space 401408K, 0% used [0x00000000d5f80000,0x00000000d5f80000,0x00000000ee780000)
  from space 69632K, 74% used [0x00000000ee780000,0x00000000f1a0aa00,0x00000000f2b80000)
  to   space 72704K, 0% used [0x00000000f7000000,0x00000000f7000000,0x00000000fb700000)
 ParOldGen       total 226304K, used 110752K [0x0000000081e00000, 0x000000008fb00000, 0x00000000d5f80000)
  object space 226304K, 48% used [0x0000000081e00000,0x0000000088a28330,0x000000008fb00000)
 Metaspace       used 67714K, capacity 69270K, committed 69632K, reserved 1110016K
  class space    used 8489K, capacity 8952K, committed 8960K, reserved 1048576K
}
Event: 721.561 GC heap before
{Heap before GC invocations=29 (full 3):
 PSYoungGen      total 471040K, used 453162K [0x00000000d5f80000, 0x00000000fb700000, 0x0000000100000000)
  eden space 401408K, 100% used [0x00000000d5f80000,0x00000000ee780000,0x00000000ee780000)
  from space 69632K, 74% used [0x00000000ee780000,0x00000000f1a0aa00,0x00000000f2b80000)
  to   space 72704K, 0% used [0x00000000f7000000,0x00000000f7000000,0x00000000fb700000)
 ParOldGen       total 226304K, used 110752K [0x0000000081e00000, 0x000000008fb00000, 0x00000000d5f80000)
  object space 226304K, 48% used [0x0000000081e00000,0x0000000088a28330,0x000000008fb00000)
 Metaspace       used 73065K, capacity 74718K, committed 75008K, reserved 1114112K
  class space    used 9225K, capacity 9707K, committed 9728K, reserved 1048576K
Event: 721.604 GC heap after
Heap after GC invocations=29 (full 3):
 PSYoungGen      total 536576K, used 56459K [0x00000000d5f80000, 0x00000000fbf00000, 0x0000000100000000)
  eden space 463872K, 0% used [0x00000000d5f80000,0x00000000d5f80000,0x00000000f2480000)
  from space 72704K, 77% used [0x00000000f7000000,0x00000000fa722d50,0x00000000fb700000)
  to   space 77312K, 0% used [0x00000000f2480000,0x00000000f2480000,0x00000000f7000000)
 ParOldGen       total 226304K, used 127231K [0x0000000081e00000, 0x000000008fb00000, 0x00000000d5f80000)
  object space 226304K, 56% used [0x0000000081e00000,0x0000000089a3ff20,0x000000008fb00000)
 Metaspace       used 73065K, capacity 74718K, committed 75008K, reserved 1114112K
  class space    used 9225K, capacity 9707K, committed 9728K, reserved 1048576K
}
Event: 744.941 GC heap before
{Heap before GC invocations=30 (full 3):
 PSYoungGen      total 536576K, used 520331K [0x00000000d5f80000, 0x00000000fbf00000, 0x0000000100000000)
  eden space 463872K, 100% used [0x00000000d5f80000,0x00000000f2480000,0x00000000f2480000)
  from space 72704K, 77% used [0x00000000f7000000,0x00000000fa722d50,0x00000000fb700000)
  to   space 77312K, 0% used [0x00000000f2480000,0x00000000f2480000,0x00000000f7000000)
 ParOldGen       total 226304K, used 127231K [0x0000000081e00000, 0x000000008fb00000, 0x00000000d5f80000)
  object space 226304K, 56% used [0x0000000081e00000,0x0000000089a3ff20,0x000000008fb00000)
 Metaspace       used 73167K, capacity 74818K, committed 75264K, reserved 1114112K
  class space    used 9233K, capacity 9714K, committed 9728K, reserved 1048576K
Event: 744.985 GC heap after
Heap after GC invocations=30 (full 3):
 PSYoungGen      total 541184K, used 77300K [0x00000000d5f80000, 0x0000000100000000, 0x0000000100000000)
  eden space 463872K, 0% used [0x00000000d5f80000,0x00000000d5f80000,0x00000000f2480000)
  from space 77312K, 99% used [0x00000000f2480000,0x00000000f6ffd048,0x00000000f7000000)
  to   space 89088K, 0% used [0x00000000fa900000,0x00000000fa900000,0x0000000100000000)
 ParOldGen       total 226304K, used 130704K [0x0000000081e00000, 0x000000008fb00000, 0x00000000d5f80000)
  object space 226304K, 57% used [0x0000000081e00000,0x0000000089da4058,0x000000008fb00000)
 Metaspace       used 73167K, capacity 74818K, committed 75264K, reserved 1114112K
  class space    used 9233K, capacity 9714K, committed 9728K, reserved 1048576K
}
Event: 749.483 GC heap before
{Heap before GC invocations=31 (full 3):
 PSYoungGen      total 541184K, used 541172K [0x00000000d5f80000, 0x0000000100000000, 0x0000000100000000)
  eden space 463872K, 100% used [0x00000000d5f80000,0x00000000f2480000,0x00000000f2480000)
  from space 77312K, 99% used [0x00000000f2480000,0x00000000f6ffd048,0x00000000f7000000)
  to   space 89088K, 0% used [0x00000000fa900000,0x00000000fa900000,0x0000000100000000)
 ParOldGen       total 226304K, used 130704K [0x0000000081e00000, 0x000000008fb00000, 0x00000000d5f80000)
  object space 226304K, 57% used [0x0000000081e00000,0x0000000089da4058,0x000000008fb00000)
 Metaspace       used 78633K, capacity 80474K, committed 80896K, reserved 1120256K
  class space    used 9980K, capacity 10483K, committed 10496K, reserved 1048576K
Event: 749.538 GC heap after
Heap after GC invocations=31 (full 3):
 PSYoungGen      total 591360K, used 65164K [0x00000000d5f80000, 0x0000000100000000, 0x0000000100000000)
  eden space 502272K, 0% used [0x00000000d5f80000,0x00000000d5f80000,0x00000000f4a00000)
  from space 89088K, 73% used [0x00000000fa900000,0x00000000fe8a30c8,0x0000000100000000)
  to   space 93184K, 0% used [0x00000000f4a00000,0x00000000f4a00000,0x00000000fa500000)
 ParOldGen       total 226304K, used 133441K [0x0000000081e00000, 0x000000008fb00000, 0x00000000d5f80000)
  object space 226304K, 58% used [0x0000000081e00000,0x000000008a050570,0x000000008fb00000)
 Metaspace       used 78633K, capacity 80474K, committed 80896K, reserved 1120256K
  class space    used 9980K, capacity 10483K, committed 10496K, reserved 1048576K
}

Deoptimization events (10 events):
Event: 721.332 Thread 0x000000001f73d800 Uncommon trap: reason=unstable_if action=reinterpret pc=0x00000000050c4c38 method=org.springframework.util.ConcurrentReferenceHashMap$Segment.restructureIfNecessary(Z)V @ 15
Event: 745.865 Thread 0x000000001c906000 Uncommon trap: reason=array_check action=maybe_recompile pc=0x0000000005104a6c method=sun.reflect.annotation.AnnotationParser.parseEnumArray(ILjava/lang/Class;Ljava/nio/ByteBuffer;Lsun/reflect/ConstantPool;Ljava/lang/Class;)Ljava/lang/Object; @ 53
Event: 745.866 Thread 0x000000001c906000 Uncommon trap: reason=array_check action=maybe_recompile pc=0x0000000005104a6c method=sun.reflect.annotation.AnnotationParser.parseEnumArray(ILjava/lang/Class;Ljava/nio/ByteBuffer;Lsun/reflect/ConstantPool;Ljava/lang/Class;)Ljava/lang/Object; @ 53
Event: 745.869 Thread 0x000000001c906000 Uncommon trap: reason=array_check action=maybe_recompile pc=0x0000000005104a6c method=sun.reflect.annotation.AnnotationParser.parseEnumArray(ILjava/lang/Class;Ljava/nio/ByteBuffer;Lsun/reflect/ConstantPool;Ljava/lang/Class;)Ljava/lang/Object; @ 53
Event: 745.874 Thread 0x000000001c906000 Uncommon trap: reason=array_check action=maybe_recompile pc=0x0000000005104a6c method=sun.reflect.annotation.AnnotationParser.parseEnumArray(ILjava/lang/Class;Ljava/nio/ByteBuffer;Lsun/reflect/ConstantPool;Ljava/lang/Class;)Ljava/lang/Object; @ 53
Event: 751.344 Thread 0x000000001f73e000 Uncommon trap: reason=unstable_if action=reinterpret pc=0x00000000052e3178 method=org.springframework.util.ConcurrentReferenceHashMap$Segment.restructureIfNecessary(Z)V @ 15
Event: 751.569 Thread 0x000000001f73e000 Uncommon trap: reason=array_check action=maybe_recompile pc=0x000000000522533c method=sun.reflect.annotation.AnnotationParser.parseAnnotationArray(ILjava/lang/Class;Ljava/nio/ByteBuffer;Lsun/reflect/ConstantPool;Ljava/lang/Class;)Ljava/lang/Object; @ 53
Event: 751.575 Thread 0x000000001f73e000 Uncommon trap: reason=array_check action=maybe_recompile pc=0x000000000522533c method=sun.reflect.annotation.AnnotationParser.parseAnnotationArray(ILjava/lang/Class;Ljava/nio/ByteBuffer;Lsun/reflect/ConstantPool;Ljava/lang/Class;)Ljava/lang/Object; @ 53
Event: 751.579 Thread 0x000000001f73e000 Uncommon trap: reason=array_check action=maybe_recompile pc=0x000000000522533c method=sun.reflect.annotation.AnnotationParser.parseAnnotationArray(ILjava/lang/Class;Ljava/nio/ByteBuffer;Lsun/reflect/ConstantPool;Ljava/lang/Class;)Ljava/lang/Object; @ 53
Event: 751.583 Thread 0x000000001f73e000 Uncommon trap: reason=array_check action=maybe_recompile pc=0x000000000522533c method=sun.reflect.annotation.AnnotationParser.parseAnnotationArray(ILjava/lang/Class;Ljava/nio/ByteBuffer;Lsun/reflect/ConstantPool;Ljava/lang/Class;)Ljava/lang/Object; @ 53

Internal exceptions (10 events):
Event: 751.491 Thread 0x000000001f73e000 Exception <a 'java/lang/ClassNotFoundException': com/mchange/v2/c3p0/impl/AbstractIdentityTokenizedCustomizer> (0x00000000e8c65ee0) thrown at [C:\re\workspace\8-2-build-windows-amd64-cygwin\jdk8u121\8372\hotspot\src\share\vm\classfile\systemDictionary.cpp
Event: 751.492 Thread 0x000000001f73e000 Exception <a 'java/lang/ClassNotFoundException': com/mchange/v2/c3p0/impl/IdentityTokenResolvableCustomizer> (0x00000000e8c89f90) thrown at [C:\re\workspace\8-2-build-windows-amd64-cygwin\jdk8u121\8372\hotspot\src\share\vm\classfile\systemDictionary.cpp, 
Event: 751.493 Thread 0x000000001f73e000 Exception <a 'java/lang/ClassNotFoundException': com/mchange/v2/c3p0/impl/PoolBackedDataSourceBaseCustomizer> (0x00000000e8cade98) thrown at [C:\re\workspace\8-2-build-windows-amd64-cygwin\jdk8u121\8372\hotspot\src\share\vm\classfile\systemDictionary.cpp,
Event: 751.493 Thread 0x000000001f73e000 Exception <a 'java/lang/ClassNotFoundException': com/mchange/v2/c3p0/impl/AbstractPoolBackedDataSourceCustomizer> (0x00000000e8cee6a0) thrown at [C:\re\workspace\8-2-build-windows-amd64-cygwin\jdk8u121\8372\hotspot\src\share\vm\classfile\systemDictionary.
Event: 751.495 Thread 0x000000001f73e000 Exception <a 'java/lang/ClassNotFoundException': com/mchange/v2/c3p0/AbstractComboPooledDataSourceCustomizer> (0x00000000e8d61318) thrown at [C:\re\workspace\8-2-build-windows-amd64-cygwin\jdk8u121\8372\hotspot\src\share\vm\classfile\systemDictionary.cpp,
Event: 751.495 Thread 0x000000001f73e000 Exception <a 'java/lang/ClassNotFoundException': com/mchange/v2/c3p0/ComboPooledDataSourceCustomizer> (0x00000000e8def038) thrown at [C:\re\workspace\8-2-build-windows-amd64-cygwin\jdk8u121\8372\hotspot\src\share\vm\classfile\systemDictionary.cpp, line 21
Event: 751.656 Thread 0x000000001f73e000 Exception <a 'java/lang/ClassNotFoundException': yjh/controller/AdministratorControllerBeanInfo> (0x00000000e9810e20) thrown at [C:\re\workspace\8-2-build-windows-amd64-cygwin\jdk8u121\8372\hotspot\src\share\vm\classfile\systemDictionary.cpp, line 210]
Event: 751.657 Thread 0x000000001f73e000 Exception <a 'java/lang/ClassNotFoundException': yjh/controller/AdministratorControllerCustomizer> (0x00000000e982e000) thrown at [C:\re\workspace\8-2-build-windows-amd64-cygwin\jdk8u121\8372\hotspot\src\share\vm\classfile\systemDictionary.cpp, line 210]
Event: 751.662 Thread 0x000000001f73e000 Exception <a 'java/lang/ClassNotFoundException': yjh/service/impl/GoodServiceImplBeanInfo> (0x00000000e98a2658) thrown at [C:\re\workspace\8-2-build-windows-amd64-cygwin\jdk8u121\8372\hotspot\src\share\vm\classfile\systemDictionary.cpp, line 210]
Event: 751.663 Thread 0x000000001f73e000 Exception <a 'java/lang/ClassNotFoundException': yjh/service/impl/GoodServiceImplCustomizer> (0x00000000e98bd640) thrown at [C:\re\workspace\8-2-build-windows-amd64-cygwin\jdk8u121\8372\hotspot\src\share\vm\classfile\systemDictionary.cpp, line 210]

Events (10 events):
Event: 751.714 Executing VM operation: RevokeBias
Event: 751.714 Executing VM operation: RevokeBias done
Event: 751.715 Thread 0x000000001f73f000 Thread added: 0x000000001f73f000
Event: 751.715 Thread 0x000000001f740800 Thread added: 0x000000001f740800
Event: 751.715 Thread 0x000000001c906800 Thread added: 0x000000001c906800
Event: 751.715 Executing VM operation: BulkRevokeBias
Event: 751.716 Executing VM operation: BulkRevokeBias done
Event: 751.716 Thread 0x000000001c90a800 Thread added: 0x000000001c90a800
Event: 751.717 Thread 0x000000001c90b000 Thread added: 0x000000001c90b000
Event: 751.717 Thread 0x000000001c906000 Thread added: 0x000000001c906000


Dynamic libraries:
0x00007ff7db430000 - 0x00007ff7db467000 	C:\Program Files\Java\jdk1.8.0_121\bin\java.exe
0x00007ff9d8ec0000 - 0x00007ff9d909b000 	C:\WINDOWS\SYSTEM32\ntdll.dll
0x00007ff9d6b70000 - 0x00007ff9d6c1e000 	C:\WINDOWS\System32\KERNEL32.DLL
0x00007ff9d5fa0000 - 0x00007ff9d61e9000 	C:\WINDOWS\System32\KERNELBASE.dll
0x00007ff9d8520000 - 0x00007ff9d85c1000 	C:\WINDOWS\System32\ADVAPI32.dll
0x00007ff9d85d0000 - 0x00007ff9d866d000 	C:\WINDOWS\System32\msvcrt.dll
0x00007ff9d69b0000 - 0x00007ff9d6a09000 	C:\WINDOWS\System32\sechost.dll
0x00007ff9d6a40000 - 0x00007ff9d6b65000 	C:\WINDOWS\System32\RPCRT4.dll
0x00007ff9d6c80000 - 0x00007ff9d6dca000 	C:\WINDOWS\System32\USER32.dll
0x00007ff9d6400000 - 0x00007ff9d641e000 	C:\WINDOWS\System32\win32u.dll
0x00007ff9d6ef0000 - 0x00007ff9d6f17000 	C:\WINDOWS\System32\GDI32.dll
0x00007ff9d5d60000 - 0x00007ff9d5ee8000 	C:\WINDOWS\System32\gdi32full.dll
0x00007ff9d6360000 - 0x00007ff9d63fa000 	C:\WINDOWS\System32\msvcp_win.dll
0x00007ff9d61f0000 - 0x00007ff9d62e6000 	C:\WINDOWS\System32\ucrtbase.dll
0x00007ff9b77e0000 - 0x00007ff9b7a47000 	C:\WINDOWS\WinSxS\amd64_microsoft.windows.common-controls_6595b64144ccf1df_6.0.15063.483_none_26002d27e7c744a2\COMCTL32.dll
0x00007ff9d8670000 - 0x00007ff9d8969000 	C:\WINDOWS\System32\combase.dll
0x00007ff9d62f0000 - 0x00007ff9d635a000 	C:\WINDOWS\System32\bcryptPrimitives.dll
0x00007ff9d6a10000 - 0x00007ff9d6a3d000 	C:\WINDOWS\System32\IMM32.DLL
0x000000006e350000 - 0x000000006e422000 	C:\Program Files\Java\jdk1.8.0_121\jre\bin\msvcr100.dll
0x000000006b7c0000 - 0x000000006c05b000 	C:\Program Files\Java\jdk1.8.0_121\jre\bin\server\jvm.dll
0x00007ff9d6ee0000 - 0x00007ff9d6ee8000 	C:\WINDOWS\System32\PSAPI.DLL
0x00007ff9d0cf0000 - 0x00007ff9d0cf9000 	C:\WINDOWS\SYSTEM32\WSOCK32.dll
0x00007ff9ccb10000 - 0x00007ff9ccb1a000 	C:\WINDOWS\SYSTEM32\VERSION.dll
0x00007ff9d7070000 - 0x00007ff9d70dc000 	C:\WINDOWS\System32\WS2_32.dll
0x00007ff9cc6d0000 - 0x00007ff9cc6f3000 	C:\WINDOWS\SYSTEM32\WINMM.dll
0x00007ff9cc670000 - 0x00007ff9cc69b000 	C:\WINDOWS\SYSTEM32\winmmbase.dll
0x00007ff9d5b40000 - 0x00007ff9d5b89000 	C:\WINDOWS\System32\cfgmgr32.dll
0x000000006f440000 - 0x000000006f44f000 	C:\Program Files\Java\jdk1.8.0_121\jre\bin\verify.dll
0x000000006e320000 - 0x000000006e349000 	C:\Program Files\Java\jdk1.8.0_121\jre\bin\java.dll
0x000000006e300000 - 0x000000006e316000 	C:\Program Files\Java\jdk1.8.0_121\jre\bin\zip.dll
0x00007ff9d70e0000 - 0x00007ff9d8517000 	C:\WINDOWS\System32\SHELL32.dll
0x00007ff9d64c0000 - 0x00007ff9d656a000 	C:\WINDOWS\System32\shcore.dll
0x00007ff9d53e0000 - 0x00007ff9d5ad2000 	C:\WINDOWS\System32\windows.storage.dll
0x00007ff9d8a20000 - 0x00007ff9d8a71000 	C:\WINDOWS\System32\shlwapi.dll
0x00007ff9d53c0000 - 0x00007ff9d53d1000 	C:\WINDOWS\System32\kernel.appcore.dll
0x00007ff9d5350000 - 0x00007ff9d539c000 	C:\WINDOWS\System32\powrprof.dll
0x00007ff9d5330000 - 0x00007ff9d5345000 	C:\WINDOWS\System32\profapi.dll
0x000000006e2e0000 - 0x000000006e2fa000 	C:\Program Files\Java\jdk1.8.0_121\jre\bin\net.dll
0x00007ff9d4be0000 - 0x00007ff9d4c3c000 	C:\WINDOWS\system32\mswsock.dll
0x00007ff9c4b90000 - 0x00007ff9c4ba6000 	C:\WINDOWS\system32\napinsp.dll
0x00007ff9c4b40000 - 0x00007ff9c4b5a000 	C:\WINDOWS\system32\pnrpnsp.dll
0x00007ff9d07c0000 - 0x00007ff9d07d8000 	C:\WINDOWS\system32\NLAapi.dll
0x00007ff9d49c0000 - 0x00007ff9d4a64000 	C:\WINDOWS\SYSTEM32\DNSAPI.dll
0x00007ff9d8a10000 - 0x00007ff9d8a18000 	C:\WINDOWS\System32\NSI.dll
0x00007ff9d4980000 - 0x00007ff9d49b7000 	C:\WINDOWS\SYSTEM32\IPHLPAPI.DLL
0x00007ff9c4a10000 - 0x00007ff9c4a1e000 	C:\WINDOWS\System32\winrnr.dll
0x00007ff9c4b20000 - 0x00007ff9c4b35000 	C:\WINDOWS\System32\wshbth.dll
0x00007ff9c9640000 - 0x00007ff9c964a000 	C:\Windows\System32\rasadhlp.dll
0x00007ff9cf2b0000 - 0x00007ff9cf31b000 	C:\WINDOWS\System32\fwpuclnt.dll
0x00007ff9d5200000 - 0x00007ff9d5225000 	C:\WINDOWS\SYSTEM32\bcrypt.dll
0x000000006f430000 - 0x000000006f43d000 	C:\Program Files\Java\jdk1.8.0_121\jre\bin\management.dll
0x000000006e2c0000 - 0x000000006e2d1000 	C:\Program Files\Java\jdk1.8.0_121\jre\bin\nio.dll
0x00007ff9d0c30000 - 0x00007ff9d0c46000 	C:\WINDOWS\SYSTEM32\dhcpcsvc6.DLL
0x00007ff9d1490000 - 0x00007ff9d14aa000 	C:\WINDOWS\SYSTEM32\dhcpcsvc.DLL
0x000000006e290000 - 0x000000006e2b4000 	C:\Program Files\Java\jdk1.8.0_121\jre\bin\sunec.dll
0x000000006e280000 - 0x000000006e28b000 	C:\Program Files\Java\jdk1.8.0_121\jre\bin\sunmscapi.dll
0x00007ff9d5b90000 - 0x00007ff9d5d59000 	C:\WINDOWS\System32\CRYPT32.dll
0x00007ff9d53a0000 - 0x00007ff9d53b1000 	C:\WINDOWS\System32\MSASN1.dll

VM Arguments:
jvm_args: -Djava.security.egd=file:/dev/./urandom -Dfile.encoding=GBK -Duser.country=CN -Duser.language=zh -Duser.variant 
java_command: org.akhikhl.gretty.Runner --servicePort=61218 --statusPort=61219 --serverManagerFactory=org.akhikhl.gretty.ServerManagerFactory
java_class_path (initial): C:\Users\54506\.gradle\caches\modules-2\files-2.1\org.akhikhl.gretty\gretty-runner-tomcat8\1.2.4\9e27791cc4dbc4a98a55987b1696d88699a9fe9d\gretty-runner-tomcat8-1.2.4.jar;C:\Users\54506\.gradle\caches\modules-2\files-2.1\org.akhikhl.gretty\gretty-runner-tomcat\1.2.4\684a21495f5f9c71dab0e7755c074f74716cd966\gretty-runner-tomcat-1.2.4.jar;C:\Users\54506\.gradle\caches\modules-2\files-2.1\org.apache.tomcat.embed\tomcat-embed-jasper\8.0.23\6119e0c41a0685540b874ee76b469fc2e8a0b9c4\tomcat-embed-jasper-8.0.23.jar;C:\Users\54506\.gradle\caches\modules-2\files-2.1\org.apache.tomcat.embed\tomcat-embed-el\8.0.23\5a1ca084156665968232112b6606c0b259213aab\tomcat-embed-el-8.0.23.jar;C:\Users\54506\.gradle\caches\modules-2\files-2.1\org.apache.tomcat.embed\tomcat-embed-core\8.0.23\79dc3aea4f447392ab0bdc1359c31a931cd307d6\tomcat-embed-core-8.0.23.jar;C:\Users\54506\.gradle\caches\modules-2\files-2.1\org.apache.tomcat.embed\tomcat-embed-websocket\8.0.23\839167a26dec5dcef85fb19e2e429878b7215293\tomcat-embed-websocket-8.0.23.jar;C:\Users\54506\.gradle\caches\modules-2\files-2.1\javax.servlet\javax.servlet-api\3.1.0\3cd63d075497751784b2fa84be59432f4905bf7c\javax.servlet-api-3.1.0.jar;C:\Users\54506\.gradle\caches\modules-2\files-2.1\org.apache.tomcat.embed\tomcat-embed-logging-log4j\8.0.23\2fb320eef46f9833f727220e7d7db5cfcfcc815c\tomcat-embed-logging-log4j-8.0.23.jar;C:\Users\54506\.gradle\caches\modules-2\files-2.1\org.slf4j\log4j-over-slf4j\1.7.12\d2444c9c7c1923304c25f86c5ee83a79a8166205\log4j-over-slf4j-1.7.12.jar;C:\Users\54506\.gradle\caches\modules-2\files-2.1\org.akhikhl.gretty\gretty-runner\1.2.4\50723962cab2246f6fdaa256a27e90181bb03815\gretty-runner-1.2.4.jar;C:\Users\54506\.gradle\caches\modules-2\files-2.1\org.eclipse.jdt.core.compiler\ecj\4.4.2\71d67f5bab9465ec844596ef844f40902ae25392\ecj-4.4.2.jar;C:\Users\54506\.gradle\caches\modules-2\files-2.1\org.slf4j\slf4j-api\1.7.12\8e20852d05222dc286bf1c71d78d0531e177c317\slf4j-api-1.7.12.jar;C:\Users\545
Launcher Type: SUN_STANDARD

Environment Variables:
PATH=C:/Program Files/Java/jre1.8.0_121/bin/server;C:/Program Files/Java/jre1.8.0_121/bin;C:/Program Files/Java/jre1.8.0_121/lib/amd64;C:\Program Files\Microsoft MPI\Bin\;C:\ProgramData\Oracle\Java\javapath;C:\Program Files (x86)\Intel\iCLS Client\;C:\Program Files\Intel\iCLS Client\;C:\Windows\system32;C:\Windows;C:\Windows\System32\Wbem;C:\Windows\System32\WindowsPowerShell\v1.0\;C:\Program Files (x86)\NVIDIA Corporation\PhysX\Common;C:\Program Files (x86)\Intel\Intel(R) Management Engine Components\DAL;C:\Program Files\Intel\Intel(R) Management Engine Components\DAL;C:\Program Files (x86)\Intel\Intel(R) Management Engine Components\IPT;C:\Program Files\Intel\Intel(R) Management Engine Components\IPT;C:\WINDOWS\system32;C:\WINDOWS;C:\WINDOWS\System32\Wbem;C:\WINDOWS\System32\WindowsPowerShell\v1.0\;C:\Program Files (x86)\Microsoft SQL Server\130\Tools\Binn\;C:\Program Files\Microsoft SQL Server\130\Tools\Binn\;C:\Program Files (x86)\Microsoft SQL Server\130\DTS\Binn\;C:\Program Files\Microsoft SQL Server\130\DTS\Binn\;C:\Program Files\Microsoft SQL Server\Client SDK\ODBC\130\Tools\Binn\;C:\Program Files (x86)\Microsoft SQL Server\Client SDK\ODBC\130\Tools\Binn\;C:\Program Files (x86)\Microsoft SQL Server\130\Tools\Binn\ManagementStudio\;C:\Program Files\MySQL\MySQL Utilities 1.6\;C:\Program Files\gradle-3.3\bin;C:\Program Files\Java\bin;C:\Users\54506\AppData\Local\Microsoft\WindowsApps;;C:\Users\54506\Desktop;
USERNAME=54506
OS=Windows_NT
PROCESSOR_IDENTIFIER=Intel64 Family 6 Model 158 Stepping 9, GenuineIntel



---------------  S Y S T E M  ---------------

OS: Windows 10.0 , 64 bit Build 15063 (10.0.15063.296)

CPU:total 4 (4 cores per cpu, 1 threads per core) family 6 model 158 stepping 9, cmov, cx8, fxsr, mmx, sse, sse2, sse3, ssse3, sse4.1, sse4.2, popcnt, avx, avx2, aes, clmul, erms, 3dnowpref, lzcnt, tsc, tscinvbit, bmi1, bmi2, adx

Memory: 4k page, physical 8260772k(547844k free), swap 21367968k(4136k free)

vm_info: Java HotSpot(TM) 64-Bit Server VM (25.121-b13) for windows-amd64 JRE (1.8.0_121-b13), built on Dec 12 2016 18:21:36 by "java_re" with MS VC++ 10.0 (VS2010)

time: Thu Jul 20 09:47:30 2017
elapsed time: 752 seconds (0d 0h 12m 32s)

